<?xml version="1.0" encoding="UTF-8"?>
<!-- Generated by org.testng.reporters.JUnitReportReporter -->
<testsuite skipped="0" hostname="Swapnas-MacBook-Pro.local" name="CarRegistrationDetailsTest" tests="2" failures="0" timestamp="12 Jul 2020 13:33:36 GMT" time="15.370" errors="0">
  <testcase name="validateCarCheckResults" time="0.013" classname="CarRegistrationDetailsTest"/>
  <testcase name="freeCarCheck" time="15.357" classname="CarRegistrationDetailsTest"/>
</testsuite> <!-- CarRegistrationDetailsTest -->
