<?xml version="1.0" encoding="UTF-8"?>
<!-- Generated by org.testng.reporters.JUnitReportReporter -->
<testsuite skipped="0" hostname="Swapnas-MacBook-Pro.local" name="Test.CarRegistrationDetailsTest" tests="2" failures="0" timestamp="12 Jul 2020 14:21:53 GMT" time="14.990" errors="0">
  <testcase name="validateCarCheckResults" time="0.017" classname="Test.CarRegistrationDetailsTest"/>
  <testcase name="freeCarCheck" time="14.973" classname="Test.CarRegistrationDetailsTest"/>
</testsuite> <!-- Test.CarRegistrationDetailsTest -->
